This is pdfTeX, Version 3.14159265-2.6-1.40.21 (MiKTeX 2.9.7380 64-bit) (preloaded format=pdflatex 2020.3.28)  1 APR 2020 22:41
entering extended mode
**./article.tex
(article.tex
LaTeX2e <2020-02-02> patch level 5
L3 programming layer <2020-03-06>
("C:\Program Files\MiKTeX 2.9\tex/latex/ieeetran\IEEEtran.cls"
Document Class: IEEEtran 2015/08/26 V1.8b by Michael Shell
-- See the "IEEEtran_HOWTO" manual for usage information.
-- http://www.michaelshell.org/tex/ieeetran/
\@IEEEtrantmpdimenA=\dimen134
\@IEEEtrantmpdimenB=\dimen135
\@IEEEtrantmpdimenC=\dimen136
\@IEEEtrantmpcountA=\count167
\@IEEEtrantmpcountB=\count168
\@IEEEtrantmpcountC=\count169
\@IEEEtrantmptoksA=\toks15
LaTeX Font Info:    Trying to load font information for OT1+ptm on input line 5
03.
("C:\Program Files\MiKTeX 2.9\tex/latex/psnfss\ot1ptm.fd"
File: ot1ptm.fd 2001/06/04 font definitions for OT1/ptm.
)
-- Using 8.5in x 11in (letter) paper.
-- Using PDF output.
\@IEEEnormalsizeunitybaselineskip=\dimen137
-- This is a 10 point document.
\CLASSINFOnormalsizebaselineskip=\dimen138
\CLASSINFOnormalsizeunitybaselineskip=\dimen139
\IEEEnormaljot=\dimen140
LaTeX Font Info:    Font shape `OT1/ptm/bx/n' in size <5> not available
(Font)              Font shape `OT1/ptm/b/n' tried instead on input line 1090.
LaTeX Font Info:    Font shape `OT1/ptm/bx/it' in size <5> not available
(Font)              Font shape `OT1/ptm/b/it' tried instead on input line 1090.

LaTeX Font Info:    Font shape `OT1/ptm/bx/n' in size <7> not available
(Font)              Font shape `OT1/ptm/b/n' tried instead on input line 1090.
LaTeX Font Info:    Font shape `OT1/ptm/bx/it' in size <7> not available
(Font)              Font shape `OT1/ptm/b/it' tried instead on input line 1090.

LaTeX Font Info:    Font shape `OT1/ptm/bx/n' in size <8> not available
(Font)              Font shape `OT1/ptm/b/n' tried instead on input line 1090.
LaTeX Font Info:    Font shape `OT1/ptm/bx/it' in size <8> not available
(Font)              Font shape `OT1/ptm/b/it' tried instead on input line 1090.

LaTeX Font Info:    Font shape `OT1/ptm/bx/n' in size <9> not available
(Font)              Font shape `OT1/ptm/b/n' tried instead on input line 1090.
LaTeX Font Info:    Font shape `OT1/ptm/bx/it' in size <9> not available
(Font)              Font shape `OT1/ptm/b/it' tried instead on input line 1090.

LaTeX Font Info:    Font shape `OT1/ptm/bx/n' in size <10> not available
(Font)              Font shape `OT1/ptm/b/n' tried instead on input line 1090.
LaTeX Font Info:    Font shape `OT1/ptm/bx/it' in size <10> not available
(Font)              Font shape `OT1/ptm/b/it' tried instead on input line 1090.

LaTeX Font Info:    Font shape `OT1/ptm/bx/n' in size <11> not available
(Font)              Font shape `OT1/ptm/b/n' tried instead on input line 1090.
LaTeX Font Info:    Font shape `OT1/ptm/bx/it' in size <11> not available
(Font)              Font shape `OT1/ptm/b/it' tried instead on input line 1090.

LaTeX Font Info:    Font shape `OT1/ptm/bx/n' in size <12> not available
(Font)              Font shape `OT1/ptm/b/n' tried instead on input line 1090.
LaTeX Font Info:    Font shape `OT1/ptm/bx/it' in size <12> not available
(Font)              Font shape `OT1/ptm/b/it' tried instead on input line 1090.

LaTeX Font Info:    Font shape `OT1/ptm/bx/n' in size <17> not available
(Font)              Font shape `OT1/ptm/b/n' tried instead on input line 1090.
LaTeX Font Info:    Font shape `OT1/ptm/bx/it' in size <17> not available
(Font)              Font shape `OT1/ptm/b/it' tried instead on input line 1090.

LaTeX Font Info:    Font shape `OT1/ptm/bx/n' in size <20> not available
(Font)              Font shape `OT1/ptm/b/n' tried instead on input line 1090.
LaTeX Font Info:    Font shape `OT1/ptm/bx/it' in size <20> not available
(Font)              Font shape `OT1/ptm/b/it' tried instead on input line 1090.

LaTeX Font Info:    Font shape `OT1/ptm/bx/n' in size <24> not available
(Font)              Font shape `OT1/ptm/b/n' tried instead on input line 1090.
LaTeX Font Info:    Font shape `OT1/ptm/bx/it' in size <24> not available
(Font)              Font shape `OT1/ptm/b/it' tried instead on input line 1090.

\IEEEquantizedlength=\dimen141
\IEEEquantizedlengthdiff=\dimen142
\IEEEquantizedtextheightdiff=\dimen143
\IEEEilabelindentA=\dimen144
\IEEEilabelindentB=\dimen145
\IEEEilabelindent=\dimen146
\IEEEelabelindent=\dimen147
\IEEEdlabelindent=\dimen148
\IEEElabelindent=\dimen149
\IEEEiednormlabelsep=\dimen150
\IEEEiedmathlabelsep=\dimen151
\IEEEiedtopsep=\skip47
\c@section=\count170
\c@subsection=\count171
\c@subsubsection=\count172
\c@paragraph=\count173
\c@IEEEsubequation=\count174
\abovecaptionskip=\skip48
\belowcaptionskip=\skip49
\c@figure=\count175
\c@table=\count176
\@IEEEeqnnumcols=\count177
\@IEEEeqncolcnt=\count178
\@IEEEsubeqnnumrollback=\count179
\@IEEEquantizeheightA=\dimen152
\@IEEEquantizeheightB=\dimen153
\@IEEEquantizeheightC=\dimen154
\@IEEEquantizeprevdepth=\dimen155
\@IEEEquantizemultiple=\count180
\@IEEEquantizeboxA=\box45
\@IEEEtmpitemindent=\dimen156
\IEEEPARstartletwidth=\dimen157
\c@IEEEbiography=\count181
\@IEEEtranrubishbin=\box46
) ("C:\Program Files\MiKTeX 2.9\tex/latex/graphics\graphicx.sty"
Package: graphicx 2019/11/30 v1.2a Enhanced LaTeX Graphics (DPC,SPQR)

("C:\Program Files\MiKTeX 2.9\tex/latex/graphics\keyval.sty"
Package: keyval 2014/10/28 v1.15 key=value parser (DPC)
\KV@toks@=\toks16
)
("C:\Program Files\MiKTeX 2.9\tex/latex/graphics\graphics.sty"
Package: graphics 2019/11/30 v1.4a Standard LaTeX Graphics (DPC,SPQR)

("C:\Program Files\MiKTeX 2.9\tex/latex/graphics\trig.sty"
Package: trig 2016/01/03 v1.10 sin cos tan (DPC)
)
("C:\Program Files\MiKTeX 2.9\tex/latex/graphics-cfg\graphics.cfg"
File: graphics.cfg 2016/06/04 v1.11 sample graphics configuration
)
Package graphics Info: Driver file: pdftex.def on input line 105.

("C:\Program Files\MiKTeX 2.9\tex/latex/graphics-def\pdftex.def"
File: pdftex.def 2018/01/08 v1.0l Graphics/color driver for pdftex
))
\Gin@req@height=\dimen158
\Gin@req@width=\dimen159
)
("C:\Program Files\MiKTeX 2.9\tex/latex/amsmath\amsmath.sty"
Package: amsmath 2020/01/20 v2.17e AMS math features
\@mathmargin=\skip50

For additional information on amsmath, use the `?' option.
("C:\Program Files\MiKTeX 2.9\tex/latex/amsmath\amstext.sty"
Package: amstext 2000/06/29 v2.01 AMS text

("C:\Program Files\MiKTeX 2.9\tex/latex/amsmath\amsgen.sty"
File: amsgen.sty 1999/11/30 v2.0 generic functions
\@emptytoks=\toks17
\ex@=\dimen160
))
("C:\Program Files\MiKTeX 2.9\tex/latex/amsmath\amsbsy.sty"
Package: amsbsy 1999/11/29 v1.2d Bold Symbols
\pmbraise@=\dimen161
)
("C:\Program Files\MiKTeX 2.9\tex/latex/amsmath\amsopn.sty"
Package: amsopn 2016/03/08 v2.02 operator names
)
\inf@bad=\count182
LaTeX Info: Redefining \frac on input line 227.
\uproot@=\count183
\leftroot@=\count184
LaTeX Info: Redefining \overline on input line 389.
\classnum@=\count185
\DOTSCASE@=\count186
LaTeX Info: Redefining \ldots on input line 486.
LaTeX Info: Redefining \dots on input line 489.
LaTeX Info: Redefining \cdots on input line 610.
\Mathstrutbox@=\box47
\strutbox@=\box48
\big@size=\dimen162
LaTeX Font Info:    Redeclaring font encoding OML on input line 733.
LaTeX Font Info:    Redeclaring font encoding OMS on input line 734.
\macc@depth=\count187
\c@MaxMatrixCols=\count188
\dotsspace@=\muskip16
\c@parentequation=\count189
\dspbrk@lvl=\count190
\tag@help=\toks18
\row@=\count191
\column@=\count192
\maxfields@=\count193
\andhelp@=\toks19
\eqnshift@=\dimen163
\alignsep@=\dimen164
\tagshift@=\dimen165
\tagwidth@=\dimen166
\totwidth@=\dimen167
\lineht@=\dimen168
\@envbody=\toks20
\multlinegap=\skip51
\multlinetaggap=\skip52
\mathdisplay@stack=\toks21
LaTeX Info: Redefining \[ on input line 2859.
LaTeX Info: Redefining \] on input line 2860.
)
("C:\Program Files\MiKTeX 2.9\tex/latex/amsfonts\amssymb.sty"
Package: amssymb 2013/01/14 v3.01 AMS font symbols

("C:\Program Files\MiKTeX 2.9\tex/latex/amsfonts\amsfonts.sty"
Package: amsfonts 2013/01/14 v3.01 Basic AMSFonts support
\symAMSa=\mathgroup4
\symAMSb=\mathgroup5
LaTeX Font Info:    Redeclaring math symbol \hbar on input line 98.
LaTeX Font Info:    Overwriting math alphabet `\mathfrak' in version `bold'
(Font)                  U/euf/m/n --> U/euf/b/n on input line 106.
))
("C:\Program Files\MiKTeX 2.9\tex/latex/mathtools\mathtools.sty"
Package: mathtools 2020/03/24 v1.24 mathematical typesetting tools

("C:\Program Files\MiKTeX 2.9\tex/latex/tools\calc.sty"
Package: calc 2017/05/25 v4.3 Infix arithmetic (KKT,FJ)
\calc@Acount=\count194
\calc@Bcount=\count195
\calc@Adimen=\dimen169
\calc@Bdimen=\dimen170
\calc@Askip=\skip53
\calc@Bskip=\skip54
LaTeX Info: Redefining \setlength on input line 80.
LaTeX Info: Redefining \addtolength on input line 81.
\calc@Ccount=\count196
\calc@Cskip=\skip55
)
("C:\Program Files\MiKTeX 2.9\tex/latex/mathtools\mhsetup.sty"
Package: mhsetup 2017/03/31 v1.3 programming setup (MH)
)
LaTeX Info: Thecontrolsequence`\('isalreadyrobust on input line 130.
LaTeX Info: Thecontrolsequence`\)'isalreadyrobust on input line 130.
LaTeX Info: Thecontrolsequence`\['isalreadyrobust on input line 130.
LaTeX Info: Thecontrolsequence`\]'isalreadyrobust on input line 130.
\g_MT_multlinerow_int=\count197
\l_MT_multwidth_dim=\dimen171
\origjot=\skip56
\l_MT_shortvdotswithinadjustabove_dim=\dimen172
\l_MT_shortvdotswithinadjustbelow_dim=\dimen173
\l_MT_above_intertext_sep=\dimen174
\l_MT_below_intertext_sep=\dimen175
\l_MT_above_shortintertext_sep=\dimen176
\l_MT_below_shortintertext_sep=\dimen177
\xmathstrut@box=\box49
\xmathstrut@dim=\dimen178
)
("C:\Program Files\MiKTeX 2.9\tex/latex/booktabs\booktabs.sty"
Package: booktabs 2020/01/12 v1.61803398 Publication quality tables
\heavyrulewidth=\dimen179
\lightrulewidth=\dimen180
\cmidrulewidth=\dimen181
\belowrulesep=\dimen182
\belowbottomsep=\dimen183
\aboverulesep=\dimen184
\abovetopsep=\dimen185
\cmidrulesep=\dimen186
\cmidrulekern=\dimen187
\defaultaddspace=\dimen188
\@cmidla=\count198
\@cmidlb=\count199
\@aboverulesep=\dimen189
\@belowrulesep=\dimen190
\@thisruleclass=\count266
\@lastruleclass=\count267
\@thisrulewidth=\dimen191
)
("C:\Program Files\MiKTeX 2.9\tex/latex/tools\hhline.sty"
Package: hhline 2020/01/04 v2.04 Table rule package (DPC)
)
("C:\Program Files\MiKTeX 2.9\tex/latex/enumitem\enumitem.sty"
Package: enumitem 2019/06/20 v3.9 Customized lists
\labelindent=\skip57
\enit@outerparindent=\dimen192
\enit@toks=\toks22
\enit@inbox=\box50
\enit@count@id=\count268
\enitdp@description=\count269
)
("C:\Program Files\MiKTeX 2.9\tex/latex/siunitx\siunitx.sty"
("C:\Program Files\MiKTeX 2.9\tex/latex/l3kernel\expl3.sty"
Package: expl3 2020-03-06 L3 programming layer (loader) 

("C:\Program Files\MiKTeX 2.9\tex/latex/l3backend\l3backend-pdfmode.def"
File: l3backend-pdfmode.def 2020-03-12 L3 backend support: PDF mode
\l__kernel_color_stack_int=\count270
\l__pdf_internal_box=\box51
))
("C:\Program Files\MiKTeX 2.9\tex/latex/l3packages/xparse\xparse.sty"
Package: xparse 2020-03-06 L3 Experimental document command parser
\l__xparse_current_arg_int=\count271
\g__xparse_grabber_int=\count272
\l__xparse_m_args_int=\count273
\l__xparse_v_nesting_int=\count274
)
Package: siunitx 2020/02/25 v2.8b A comprehensive (SI) units package

("C:\Program Files\MiKTeX 2.9\tex/latex/tools\array.sty"
Package: array 2019/08/31 v2.4l Tabular extension package (FMi)
\col@sep=\dimen193
\ar@mcellbox=\box52
\extrarowheight=\dimen194
\NC@list=\toks23
\extratabsurround=\skip58
\backup@length=\skip59
\ar@cellbox=\box53
)
("C:\Program Files\MiKTeX 2.9\tex/latex/l3packages/l3keys2e\l3keys2e.sty"
Package: l3keys2e 2020-03-06 LaTeX2e option processing using LaTeX3 keys
)
\l__siunitx_tmp_box=\box54
\l__siunitx_tmp_dim=\dimen195
\l__siunitx_tmp_int=\count275
\l__siunitx_number_mantissa_length_int=\count276
\l__siunitx_number_uncert_length_int=\count277
\l__siunitx_round_int=\count278
\l__siunitx_process_decimal_int=\count279
\l__siunitx_process_uncertainty_int=\count280
\l__siunitx_process_fixed_int=\count281
\l__siunitx_process_integer_min_int=\count282
\l__siunitx_process_precision_int=\count283
\l__siunitx_group_min_int=\count284
\l__siunitx_angle_marker_box=\box55
\l__siunitx_angle_unit_box=\box56
\l__siunitx_angle_marker_dim=\dimen196
\l__siunitx_angle_unit_dim=\dimen197
\l__siunitx_unit_int=\count285
\l__siunitx_unit_denominator_int=\count286
\l__siunitx_unit_numerator_int=\count287
\l__siunitx_unit_prefix_int=\count288
\l__siunitx_unit_prefix_base_int=\count289
\l__siunitx_unit_prefix_gram_int=\count290
\l__siunitx_number_product_int=\count291
\c__siunitx_one_fill_skip=\skip60
\l__siunitx_table_unit_align_skip=\skip61
\l__siunitx_table_exponent_dim=\dimen198
\l__siunitx_table_integer_dim=\dimen199
\l__siunitx_table_mantissa_dim=\dimen256
\l__siunitx_table_marker_dim=\dimen257
\l__siunitx_table_result_dim=\dimen258
\l__siunitx_table_uncert_dim=\dimen259
\l__siunitx_table_fill_pre_dim=\dimen260
\l__siunitx_table_fill_post_dim=\dimen261
\l__siunitx_table_fill_mid_dim=\dimen262
\l__siunitx_table_pre_box=\box57
\l__siunitx_table_post_box=\box58
\l__siunitx_table_mantissa_box=\box59
\l__siunitx_table_result_box=\box60
\l__siunitx_table_number_align_skip=\skip62
\l__siunitx_table_text_align_skip=\skip63

("C:\Program Files\MiKTeX 2.9\tex/latex/translator\translator.sty"
Package: translator 2018/01/04 v1.12 Easy translation of strings in LaTeX
))
("C:\Program Files\MiKTeX 2.9\tex/latex/todonotes\todonotes.sty"
Package: todonotes 2019/01/24 v1.1.2 Todonotes source and documentation.
Package: todonotes 2018/11/22

("C:\Program Files\MiKTeX 2.9\tex/latex/base\ifthen.sty"
Package: ifthen 2014/09/29 v1.1c Standard LaTeX ifthen package (DPC)
)
("C:\Program Files\MiKTeX 2.9\tex/latex/xkeyval\xkeyval.sty"
Package: xkeyval 2014/12/03 v2.7a package option processing (HA)

("C:\Program Files\MiKTeX 2.9\tex/generic/xkeyval\xkeyval.tex"
("C:\Program Files\MiKTeX 2.9\tex/generic/xkeyval\xkvutils.tex"
\XKV@toks=\toks24
\XKV@tempa@toks=\toks25
)
\XKV@depth=\count292
File: xkeyval.tex 2014/12/03 v2.7a key=value parser (HA)
))
("C:\Users\Ondrej Straka\AppData\Roaming\MiKTeX\2.9\tex/latex/xcolor\xcolor.sty
"
Package: xcolor 2016/05/11 v2.12 LaTeX color extensions (UK)
 ("C:\Program Files\MiKTeX 2.9\tex/latex/graphics-cfg\color.cfg"
File: color.cfg 2016/01/02 v1.6 sample color configuration
)
Package xcolor Info: Driver file: pdftex.def on input line 225.
Package xcolor Info: Model `cmy' substituted by `cmy0' on input line 1348.
Package xcolor Info: Model `hsb' substituted by `rgb' on input line 1352.
Package xcolor Info: Model `RGB' extended on input line 1364.
Package xcolor Info: Model `HTML' substituted by `rgb' on input line 1366.
Package xcolor Info: Model `Hsb' substituted by `hsb' on input line 1367.
Package xcolor Info: Model `tHsb' substituted by `hsb' on input line 1368.
Package xcolor Info: Model `HSB' substituted by `hsb' on input line 1369.
Package xcolor Info: Model `Gray' substituted by `gray' on input line 1370.
Package xcolor Info: Model `wave' substituted by `hsb' on input line 1371.
)
("C:\Users\Ondrej Straka\AppData\Roaming\MiKTeX\2.9\tex/latex/pgf/frontendlayer
\tikz.sty"
("C:\Users\Ondrej Straka\AppData\Roaming\MiKTeX\2.9\tex/latex/pgf/basiclayer\pg
f.sty"
("C:\Users\Ondrej Straka\AppData\Roaming\MiKTeX\2.9\tex/latex/pgf/utilities\pgf
rcs.sty"
("C:\Users\Ondrej Straka\AppData\Roaming\MiKTeX\2.9\tex/generic/pgf/utilities\p
gfutil-common.tex"
\pgfutil@everybye=\toks26
\pgfutil@tempdima=\dimen263
\pgfutil@tempdimb=\dimen264

("C:\Users\Ondrej Straka\AppData\Roaming\MiKTeX\2.9\tex/generic/pgf/utilities\p
gfutil-common-lists.tex"))
("C:\Users\Ondrej Straka\AppData\Roaming\MiKTeX\2.9\tex/generic/pgf/utilities\p
gfutil-latex.def"
\pgfutil@abb=\box61
 ("C:\Program Files\MiKTeX 2.9\tex/latex/ms\everyshi.sty"
Package: everyshi 2001/05/15 v3.00 EveryShipout Package (MS)
))
("C:\Users\Ondrej Straka\AppData\Roaming\MiKTeX\2.9\tex/generic/pgf/utilities\p
gfrcs.code.tex"
Package: pgfrcs 2015/08/07 v3.0.1a (rcs-revision 1.31)
))
Package: pgf 2015/08/07 v3.0.1a (rcs-revision 1.15)

("C:\Users\Ondrej Straka\AppData\Roaming\MiKTeX\2.9\tex/latex/pgf/basiclayer\pg
fcore.sty"
("C:\Users\Ondrej Straka\AppData\Roaming\MiKTeX\2.9\tex/latex/pgf/systemlayer\p
gfsys.sty"
("C:\Users\Ondrej Straka\AppData\Roaming\MiKTeX\2.9\tex/generic/pgf/systemlayer
\pgfsys.code.tex"
Package: pgfsys 2014/07/09 v3.0.1a (rcs-revision 1.48)

("C:\Users\Ondrej Straka\AppData\Roaming\MiKTeX\2.9\tex/generic/pgf/utilities\p
gfkeys.code.tex"
\pgfkeys@pathtoks=\toks27
\pgfkeys@temptoks=\toks28

("C:\Users\Ondrej Straka\AppData\Roaming\MiKTeX\2.9\tex/generic/pgf/utilities\p
gfkeysfiltered.code.tex"
\pgfkeys@tmptoks=\toks29
))
\pgf@x=\dimen265
\pgf@y=\dimen266
\pgf@xa=\dimen267
\pgf@ya=\dimen268
\pgf@xb=\dimen269
\pgf@yb=\dimen270
\pgf@xc=\dimen271
\pgf@yc=\dimen272
\w@pgf@writea=\write3
\r@pgf@reada=\read2
\c@pgf@counta=\count293
\c@pgf@countb=\count294
\c@pgf@countc=\count295
\c@pgf@countd=\count296
\t@pgf@toka=\toks30
\t@pgf@tokb=\toks31
\t@pgf@tokc=\toks32

("C:\Users\Ondrej Straka\AppData\Roaming\MiKTeX\2.9\tex/generic/pgf/systemlayer
\pgf.cfg"
File: pgf.cfg 2008/05/14  (rcs-revision 1.7)
)
Driver file for pgf: pgfsys-pdftex.def

("C:\Users\Ondrej Straka\AppData\Roaming\MiKTeX\2.9\tex/generic/pgf/systemlayer
\pgfsys-pdftex.def"
File: pgfsys-pdftex.def 2014/10/11  (rcs-revision 1.35)

("C:\Users\Ondrej Straka\AppData\Roaming\MiKTeX\2.9\tex/generic/pgf/systemlayer
\pgfsys-common-pdf.def"
File: pgfsys-common-pdf.def 2013/10/10  (rcs-revision 1.13)
)))
("C:\Users\Ondrej Straka\AppData\Roaming\MiKTeX\2.9\tex/generic/pgf/systemlayer
\pgfsyssoftpath.code.tex"
File: pgfsyssoftpath.code.tex 2013/09/09  (rcs-revision 1.9)
\pgfsyssoftpath@smallbuffer@items=\count297
\pgfsyssoftpath@bigbuffer@items=\count298
)
("C:\Users\Ondrej Straka\AppData\Roaming\MiKTeX\2.9\tex/generic/pgf/systemlayer
\pgfsysprotocol.code.tex"
File: pgfsysprotocol.code.tex 2006/10/16  (rcs-revision 1.4)
))
("C:\Users\Ondrej Straka\AppData\Roaming\MiKTeX\2.9\tex/generic/pgf/basiclayer\
pgfcore.code.tex"
Package: pgfcore 2010/04/11 v3.0.1a (rcs-revision 1.7)

("C:\Users\Ondrej Straka\AppData\Roaming\MiKTeX\2.9\tex/generic/pgf/math\pgfmat
h.code.tex"
("C:\Users\Ondrej Straka\AppData\Roaming\MiKTeX\2.9\tex/generic/pgf/math\pgfmat
hcalc.code.tex"
("C:\Users\Ondrej Straka\AppData\Roaming\MiKTeX\2.9\tex/generic/pgf/math\pgfmat
hutil.code.tex")
("C:\Users\Ondrej Straka\AppData\Roaming\MiKTeX\2.9\tex/generic/pgf/math\pgfmat
hparser.code.tex"
\pgfmath@dimen=\dimen273
\pgfmath@count=\count299
\pgfmath@box=\box62
\pgfmath@toks=\toks33
\pgfmath@stack@operand=\toks34
\pgfmath@stack@operation=\toks35
)
("C:\Users\Ondrej Straka\AppData\Roaming\MiKTeX\2.9\tex/generic/pgf/math\pgfmat
hfunctions.code.tex"
("C:\Users\Ondrej Straka\AppData\Roaming\MiKTeX\2.9\tex/generic/pgf/math\pgfmat
hfunctions.basic.code.tex")
("C:\Users\Ondrej Straka\AppData\Roaming\MiKTeX\2.9\tex/generic/pgf/math\pgfmat
hfunctions.trigonometric.code.tex")
("C:\Users\Ondrej Straka\AppData\Roaming\MiKTeX\2.9\tex/generic/pgf/math\pgfmat
hfunctions.random.code.tex")
("C:\Users\Ondrej Straka\AppData\Roaming\MiKTeX\2.9\tex/generic/pgf/math\pgfmat
hfunctions.comparison.code.tex")
("C:\Users\Ondrej Straka\AppData\Roaming\MiKTeX\2.9\tex/generic/pgf/math\pgfmat
hfunctions.base.code.tex")
("C:\Users\Ondrej Straka\AppData\Roaming\MiKTeX\2.9\tex/generic/pgf/math\pgfmat
hfunctions.round.code.tex")
("C:\Users\Ondrej Straka\AppData\Roaming\MiKTeX\2.9\tex/generic/pgf/math\pgfmat
hfunctions.misc.code.tex")
("C:\Users\Ondrej Straka\AppData\Roaming\MiKTeX\2.9\tex/generic/pgf/math\pgfmat
hfunctions.integerarithmetics.code.tex")))
("C:\Users\Ondrej Straka\AppData\Roaming\MiKTeX\2.9\tex/generic/pgf/math\pgfmat
hfloat.code.tex"
\c@pgfmathroundto@lastzeros=\count300
))
("C:\Users\Ondrej Straka\AppData\Roaming\MiKTeX\2.9\tex/generic/pgf/basiclayer\
pgfcorepoints.code.tex"
File: pgfcorepoints.code.tex 2013/10/07  (rcs-revision 1.27)
\pgf@picminx=\dimen274
\pgf@picmaxx=\dimen275
\pgf@picminy=\dimen276
\pgf@picmaxy=\dimen277
\pgf@pathminx=\dimen278
\pgf@pathmaxx=\dimen279
\pgf@pathminy=\dimen280
\pgf@pathmaxy=\dimen281
\pgf@xx=\dimen282
\pgf@xy=\dimen283
\pgf@yx=\dimen284
\pgf@yy=\dimen285
\pgf@zx=\dimen286
\pgf@zy=\dimen287
)
("C:\Users\Ondrej Straka\AppData\Roaming\MiKTeX\2.9\tex/generic/pgf/basiclayer\
pgfcorepathconstruct.code.tex"
File: pgfcorepathconstruct.code.tex 2013/10/07  (rcs-revision 1.29)
\pgf@path@lastx=\dimen288
\pgf@path@lasty=\dimen289
)
("C:\Users\Ondrej Straka\AppData\Roaming\MiKTeX\2.9\tex/generic/pgf/basiclayer\
pgfcorepathusage.code.tex"
File: pgfcorepathusage.code.tex 2014/11/02  (rcs-revision 1.24)
\pgf@shorten@end@additional=\dimen290
\pgf@shorten@start@additional=\dimen291
)
("C:\Users\Ondrej Straka\AppData\Roaming\MiKTeX\2.9\tex/generic/pgf/basiclayer\
pgfcorescopes.code.tex"
File: pgfcorescopes.code.tex 2015/05/08  (rcs-revision 1.46)
\pgfpic=\box63
\pgf@hbox=\box64
\pgf@layerbox@main=\box65
\pgf@picture@serial@count=\count301
)
("C:\Users\Ondrej Straka\AppData\Roaming\MiKTeX\2.9\tex/generic/pgf/basiclayer\
pgfcoregraphicstate.code.tex"
File: pgfcoregraphicstate.code.tex 2014/11/02  (rcs-revision 1.12)
\pgflinewidth=\dimen292
)
("C:\Users\Ondrej Straka\AppData\Roaming\MiKTeX\2.9\tex/generic/pgf/basiclayer\
pgfcoretransformations.code.tex"
File: pgfcoretransformations.code.tex 2015/08/07  (rcs-revision 1.20)
\pgf@pt@x=\dimen293
\pgf@pt@y=\dimen294
\pgf@pt@temp=\dimen295
)
("C:\Users\Ondrej Straka\AppData\Roaming\MiKTeX\2.9\tex/generic/pgf/basiclayer\
pgfcorequick.code.tex"
File: pgfcorequick.code.tex 2008/10/09  (rcs-revision 1.3)
)
("C:\Users\Ondrej Straka\AppData\Roaming\MiKTeX\2.9\tex/generic/pgf/basiclayer\
pgfcoreobjects.code.tex"
File: pgfcoreobjects.code.tex 2006/10/11  (rcs-revision 1.2)
)
("C:\Users\Ondrej Straka\AppData\Roaming\MiKTeX\2.9\tex/generic/pgf/basiclayer\
pgfcorepathprocessing.code.tex"
File: pgfcorepathprocessing.code.tex 2013/09/09  (rcs-revision 1.9)
)
("C:\Users\Ondrej Straka\AppData\Roaming\MiKTeX\2.9\tex/generic/pgf/basiclayer\
pgfcorearrows.code.tex"
File: pgfcorearrows.code.tex 2015/05/14  (rcs-revision 1.43)
\pgfarrowsep=\dimen296
)
("C:\Users\Ondrej Straka\AppData\Roaming\MiKTeX\2.9\tex/generic/pgf/basiclayer\
pgfcoreshade.code.tex"
File: pgfcoreshade.code.tex 2013/07/15  (rcs-revision 1.15)
\pgf@max=\dimen297
\pgf@sys@shading@range@num=\count302
)
("C:\Users\Ondrej Straka\AppData\Roaming\MiKTeX\2.9\tex/generic/pgf/basiclayer\
pgfcoreimage.code.tex"
File: pgfcoreimage.code.tex 2013/07/15  (rcs-revision 1.18)

("C:\Users\Ondrej Straka\AppData\Roaming\MiKTeX\2.9\tex/generic/pgf/basiclayer\
pgfcoreexternal.code.tex"
File: pgfcoreexternal.code.tex 2014/07/09  (rcs-revision 1.21)
\pgfexternal@startupbox=\box66
))
("C:\Users\Ondrej Straka\AppData\Roaming\MiKTeX\2.9\tex/generic/pgf/basiclayer\
pgfcorelayers.code.tex"
File: pgfcorelayers.code.tex 2013/07/18  (rcs-revision 1.7)
)
("C:\Users\Ondrej Straka\AppData\Roaming\MiKTeX\2.9\tex/generic/pgf/basiclayer\
pgfcoretransparency.code.tex"
File: pgfcoretransparency.code.tex 2013/09/30  (rcs-revision 1.5)
)
("C:\Users\Ondrej Straka\AppData\Roaming\MiKTeX\2.9\tex/generic/pgf/basiclayer\
pgfcorepatterns.code.tex"
File: pgfcorepatterns.code.tex 2013/11/07  (rcs-revision 1.5)
)))
("C:\Users\Ondrej Straka\AppData\Roaming\MiKTeX\2.9\tex/generic/pgf/modules\pgf
moduleshapes.code.tex"
File: pgfmoduleshapes.code.tex 2014/03/21  (rcs-revision 1.35)
\pgfnodeparttextbox=\box67
)
("C:\Users\Ondrej Straka\AppData\Roaming\MiKTeX\2.9\tex/generic/pgf/modules\pgf
moduleplot.code.tex"
File: pgfmoduleplot.code.tex 2015/08/03  (rcs-revision 1.13)
)
("C:\Users\Ondrej Straka\AppData\Roaming\MiKTeX\2.9\tex/latex/pgf/compatibility
\pgfcomp-version-0-65.sty"
Package: pgfcomp-version-0-65 2007/07/03 v3.0.1a (rcs-revision 1.7)
\pgf@nodesepstart=\dimen298
\pgf@nodesepend=\dimen299
)
("C:\Users\Ondrej Straka\AppData\Roaming\MiKTeX\2.9\tex/latex/pgf/compatibility
\pgfcomp-version-1-18.sty"
Package: pgfcomp-version-1-18 2007/07/23 v3.0.1a (rcs-revision 1.1)
))
("C:\Users\Ondrej Straka\AppData\Roaming\MiKTeX\2.9\tex/latex/pgf/utilities\pgf
for.sty"
("C:\Users\Ondrej Straka\AppData\Roaming\MiKTeX\2.9\tex/latex/pgf/utilities\pgf
keys.sty"
("C:\Users\Ondrej Straka\AppData\Roaming\MiKTeX\2.9\tex/generic/pgf/utilities\p
gfkeys.code.tex"))
("C:\Users\Ondrej Straka\AppData\Roaming\MiKTeX\2.9\tex/latex/pgf/math\pgfmath.
sty"
("C:\Users\Ondrej Straka\AppData\Roaming\MiKTeX\2.9\tex/generic/pgf/math\pgfmat
h.code.tex"))
("C:\Users\Ondrej Straka\AppData\Roaming\MiKTeX\2.9\tex/generic/pgf/utilities\p
gffor.code.tex"
Package: pgffor 2013/12/13 v3.0.1a (rcs-revision 1.25)

("C:\Users\Ondrej Straka\AppData\Roaming\MiKTeX\2.9\tex/generic/pgf/math\pgfmat
h.code.tex")
\pgffor@iter=\dimen300
\pgffor@skip=\dimen301
\pgffor@stack=\toks36
\pgffor@toks=\toks37
))
("C:\Users\Ondrej Straka\AppData\Roaming\MiKTeX\2.9\tex/generic/pgf/frontendlay
er/tikz\tikz.code.tex"
Package: tikz 2015/08/07 v3.0.1a (rcs-revision 1.151)

("C:\Users\Ondrej Straka\AppData\Roaming\MiKTeX\2.9\tex/generic/pgf/libraries\p
gflibraryplothandlers.code.tex"
File: pgflibraryplothandlers.code.tex 2013/08/31 v3.0.1a (rcs-revision 1.20)
\pgf@plot@mark@count=\count303
\pgfplotmarksize=\dimen302
)
\tikz@lastx=\dimen303
\tikz@lasty=\dimen304
\tikz@lastxsaved=\dimen305
\tikz@lastysaved=\dimen306
\tikzleveldistance=\dimen307
\tikzsiblingdistance=\dimen308
\tikz@figbox=\box68
\tikz@figbox@bg=\box69
\tikz@tempbox=\box70
\tikz@tempbox@bg=\box71
\tikztreelevel=\count304
\tikznumberofchildren=\count305
\tikznumberofcurrentchild=\count306
\tikz@fig@count=\count307

("C:\Users\Ondrej Straka\AppData\Roaming\MiKTeX\2.9\tex/generic/pgf/modules\pgf
modulematrix.code.tex"
File: pgfmodulematrix.code.tex 2013/09/17  (rcs-revision 1.8)
\pgfmatrixcurrentrow=\count308
\pgfmatrixcurrentcolumn=\count309
\pgf@matrix@numberofcolumns=\count310
)
\tikz@expandcount=\count311

("C:\Users\Ondrej Straka\AppData\Roaming\MiKTeX\2.9\tex/generic/pgf/frontendlay
er/tikz/libraries\tikzlibrarytopaths.code.tex"
File: tikzlibrarytopaths.code.tex 2008/06/17 v3.0.1a (rcs-revision 1.2)
)))
("C:\Users\Ondrej Straka\AppData\Roaming\MiKTeX\2.9\tex/generic/pgf/frontendlay
er/tikz/libraries\tikzlibrarypositioning.code.tex"
File: tikzlibrarypositioning.code.tex 2008/10/06 v3.0.1a (rcs-revision 1.7)
)
("C:\Users\Ondrej Straka\AppData\Roaming\MiKTeX\2.9\tex/generic/pgf/frontendlay
er/tikz/libraries\tikzlibraryshadows.code.tex"
File: tikzlibraryshadows.code.tex 2008/01/13 v3.0.1a (rcs-revision 1.3)

("C:\Users\Ondrej Straka\AppData\Roaming\MiKTeX\2.9\tex/generic/pgf/frontendlay
er/tikz/libraries\tikzlibraryfadings.code.tex"
File: tikzlibraryfadings.code.tex 2009/11/15 v3.0.1a (rcs-revision 1.2)

("C:\Users\Ondrej Straka\AppData\Roaming\MiKTeX\2.9\tex/generic/pgf/libraries\p
gflibraryfadings.code.tex"
File: pgflibraryfadings.code.tex 2008/02/07 v3.0.1a (rcs-revision 1.3)
)))
\c@@todonotes@numberoftodonotes=\count312
)
("C:\Program Files\MiKTeX 2.9\tex/generic/babel\babel.sty"
Package: babel 2020/03/22 3.42 The Babel package

("C:\Program Files\MiKTeX 2.9\tex/generic/babel\switch.def"
File: switch.def 2020/03/22 3.42 Babel switching mechanism
)
*************************************
* Local config file bblopts.cfg used
*
("C:\Program Files\MiKTeX 2.9\tex/latex/arabi\bblopts.cfg"
File: bblopts.cfg 2005/09/08 v0.1 add Arabic and Farsi to "declared" options of
 babel
)
("C:\Program Files\MiKTeX 2.9\tex/latex/babel-english\english.ldf"
Language: english 2017/06/06 v3.3r English support from the babel system

("C:\Program Files\MiKTeX 2.9\tex/generic/babel\babel.def"
File: babel.def 2020/03/22 3.42 Babel common definitions
\babel@savecnt=\count313
\U@D=\dimen309

("C:\Program Files\MiKTeX 2.9\tex/generic/babel\txtbabel.def")
\bbl@readstream=\read3
\bbl@dirlevel=\count314
)
Package babel Info: \l@canadian = using hyphenrules for english
(babel)             (\language0) on input line 102.
Package babel Info: \l@australian = using hyphenrules for ukenglish
(babel)             (\language76) on input line 105.
Package babel Info: \l@newzealand = using hyphenrules for ukenglish
(babel)             (\language76) on input line 108.
))
("C:\Program Files\MiKTeX 2.9\tex/latex/url\url.sty"
\Urlmuskip=\muskip17
Package: url 2013/09/16  ver 3.4  Verb mode for urls, etc.
)
("C:\Program Files\MiKTeX 2.9\tex/latex/algorithm2e\algorithm2e.sty"
Package: algorithm2e 2017/07/18 v5.2 algorithms environments
\c@AlgoLine=\count315
\algocf@hangindent=\skip64

("C:\Program Files\MiKTeX 2.9\tex/latex/ifoddpage\ifoddpage.sty"
Package: ifoddpage 2016/04/23 v1.1 Conditionals for odd/even page detection
\c@checkoddpage=\count316
)
("C:\Program Files\MiKTeX 2.9\tex/latex/tools\xspace.sty"
Package: xspace 2014/10/28 v1.13 Space after command names (DPC,MH)
)
("C:\Program Files\MiKTeX 2.9\tex/latex/relsize\relsize.sty"
Package: relsize 2013/03/29 ver 4.1
)
\skiptotal=\skip65
\skiplinenumber=\skip66
\skiprule=\skip67
\skiphlne=\skip68
\skiptext=\skip69
\skiplength=\skip70
\algomargin=\skip71
\skipalgocfslide=\skip72
\algowidth=\dimen310
\inoutsize=\dimen311
\inoutindent=\dimen312
\interspacetitleruled=\dimen313
\interspacealgoruled=\dimen314
\interspacetitleboxruled=\dimen315
\algocf@ruledwidth=\skip73
\algocf@inoutbox=\box72
\algocf@inputbox=\box73
\AlCapSkip=\skip74
\AlCapHSkip=\skip75
\algoskipindent=\skip76
\algocf@nlbox=\box74
\algocf@hangingbox=\box75
\algocf@untilbox=\box76
\algocf@skipuntil=\skip77
\algocf@capbox=\box77
\algocf@lcaptionbox=\skip78
\algoheightruledefault=\skip79
\algoheightrule=\skip80
\algotitleheightruledefault=\skip81
\algotitleheightrule=\skip82
\c@algocfline=\count317
\c@algocfproc=\count318
\c@algocf=\count319
\algocf@algoframe=\box78
\algocf@algobox=\box79
)
("C:\Program Files\MiKTeX 2.9\tex/latex/psnfss\times.sty"
Package: times 2005/04/12 PSNFSS-v9.2a (SPQR) 
)
("C:\Program Files\MiKTeX 2.9\tex/latex/cite\cite.sty"
LaTeX Info: Redefining \cite on input line 302.
LaTeX Info: Redefining \nocite on input line 332.
Package: cite 2015/02/27  v 5.5
)
("C:\Users\Ondrej Straka\AppData\Roaming\MiKTeX\2.9\tex/generic/pgf/frontendlay
er/tikz/libraries\tikzlibrarydecorations.markings.code.tex"
("C:\Users\Ondrej Straka\AppData\Roaming\MiKTeX\2.9\tex/generic/pgf/frontendlay
er/tikz/libraries\tikzlibrarydecorations.code.tex"
("C:\Users\Ondrej Straka\AppData\Roaming\MiKTeX\2.9\tex/generic/pgf/modules\pgf
moduledecorations.code.tex"
\pgfdecoratedcompleteddistance=\dimen316
\pgfdecoratedremainingdistance=\dimen317
\pgfdecoratedinputsegmentcompleteddistance=\dimen318
\pgfdecoratedinputsegmentremainingdistance=\dimen319
\pgf@decorate@distancetomove=\dimen320
\pgf@decorate@repeatstate=\count320
\pgfdecorationsegmentamplitude=\dimen321
\pgfdecorationsegmentlength=\dimen322
)
\tikz@lib@dec@box=\box80
)
("C:\Users\Ondrej Straka\AppData\Roaming\MiKTeX\2.9\tex/generic/pgf/libraries/d
ecorations\pgflibrarydecorations.markings.code.tex"))
("C:\Users\Ondrej Straka\AppData\Roaming\MiKTeX\2.9\tex/generic/pgf-blur\tikzli
braryshadows.blur.code.tex"  v1.01, 2012/04/24
("C:\Users\Ondrej Straka\AppData\Roaming\MiKTeX\2.9\tex/generic/pgf/frontendlay
er/tikz/libraries\tikzlibrarycalc.code.tex"
File: tikzlibrarycalc.code.tex 2013/07/15 v3.0.1a (rcs-revision 1.9)
))
("C:\Users\Ondrej Straka\AppData\Roaming\MiKTeX\2.9\tex/generic/pgf/frontendlay
er/tikz/libraries\tikzlibraryfit.code.tex"
File: tikzlibraryfit.code.tex 2013/07/12 v3.0.1a (rcs-revision 1.5)
)
("C:\Users\Ondrej Straka\AppData\Roaming\MiKTeX\2.9\tex/generic/pgf/frontendlay
er/tikz/libraries\tikzlibraryarrows.code.tex"
File: tikzlibraryarrows.code.tex 2008/01/09 v3.0.1a (rcs-revision 1.1)

("C:\Users\Ondrej Straka\AppData\Roaming\MiKTeX\2.9\tex/generic/pgf/libraries\p
gflibraryarrows.code.tex"
File: pgflibraryarrows.code.tex 2013/09/23 v3.0.1a (rcs-revision 1.16)
\arrowsize=\dimen323
))
("C:\Users\Ondrej Straka\AppData\Roaming\MiKTeX\2.9\tex/generic/pgf/frontendlay
er/tikz/libraries\tikzlibraryshapes.arrows.code.tex"
File: tikzlibraryshapes.arrows.code.tex 2008/01/09 v3.0.1a (rcs-revision 1.1)

("C:\Users\Ondrej Straka\AppData\Roaming\MiKTeX\2.9\tex/generic/pgf/libraries/s
hapes\pgflibraryshapes.arrows.code.tex"
File: pgflibraryshapes.arrows.code.tex 2008/06/26 v3.0.1a (rcs-revision 1.1)
))
("C:\Users\Ondrej Straka\AppData\Roaming\MiKTeX\2.9\tex/generic/pgf/frontendlay
er/tikz/libraries\tikzlibrarybackgrounds.code.tex"
File: tikzlibrarybackgrounds.code.tex 2013/07/18 v3.0.1a (rcs-revision 1.3)
\pgf@layerbox@background=\box81
\pgf@layerboxsaved@background=\box82
)
\pgf@layerbox@back=\box83
\pgf@layerboxsaved@back=\box84
 (notation_def.tex)
(article.aux)
\openout1 = `article.aux'.

LaTeX Font Info:    Checking defaults for OML/cmm/m/it on input line 132.
LaTeX Font Info:    ... okay on input line 132.
LaTeX Font Info:    Checking defaults for OMS/cmsy/m/n on input line 132.
LaTeX Font Info:    ... okay on input line 132.
LaTeX Font Info:    Checking defaults for OT1/cmr/m/n on input line 132.
LaTeX Font Info:    ... okay on input line 132.
LaTeX Font Info:    Checking defaults for T1/cmr/m/n on input line 132.
LaTeX Font Info:    ... okay on input line 132.
LaTeX Font Info:    Checking defaults for TS1/cmr/m/n on input line 132.
LaTeX Font Info:    ... okay on input line 132.
LaTeX Font Info:    Checking defaults for OMX/cmex/m/n on input line 132.
LaTeX Font Info:    ... okay on input line 132.
LaTeX Font Info:    Checking defaults for U/cmr/m/n on input line 132.
LaTeX Font Info:    ... okay on input line 132.

-- Lines per column: 56 (approximate, difference = 10.86613pt).

("C:\Users\Ondrej Straka\AppData\Roaming\MiKTeX\2.9\tex/context/base\supp-pdf.m
kii"
[Loading MPS to PDF converter (version 2006.09.02).]
\scratchcounter=\count321
\scratchdimen=\dimen324
\scratchbox=\box85
\nofMPsegments=\count322
\nofMParguments=\count323
\everyMPshowfont=\toks38
\MPscratchCnt=\count324
\MPscratchDim=\dimen325
\MPnumerator=\count325
\makeMPintoPDFobject=\count326
\everyMPtoPDFconversion=\toks39
) ("C:\Program Files\MiKTeX 2.9\tex/latex/oberdiek\epstopdf-base.sty"
Package: epstopdf-base 2016/05/15 v2.6 Base part for package epstopdf

("C:\Program Files\MiKTeX 2.9\tex/generic/infwarerr\infwarerr.sty"
Package: infwarerr 2019/12/03 v1.5 Providing info/warning/error messages (HO)
)
("C:\Program Files\MiKTeX 2.9\tex/latex/grfext\grfext.sty"
Package: grfext 2019/12/03 v1.3 Manage graphics extensions (HO)

("C:\Program Files\MiKTeX 2.9\tex/generic/kvdefinekeys\kvdefinekeys.sty"
Package: kvdefinekeys 2019-12-19 v1.6 Define keys (HO)
))
("C:\Program Files\MiKTeX 2.9\tex/latex/kvoptions\kvoptions.sty"
Package: kvoptions 2019/11/29 v3.13 Key value format for package options (HO)

("C:\Program Files\MiKTeX 2.9\tex/generic/ltxcmds\ltxcmds.sty"
Package: ltxcmds 2019/12/15 v1.24 LaTeX kernel commands for general use (HO)
)
("C:\Program Files\MiKTeX 2.9\tex/generic/kvsetkeys\kvsetkeys.sty"
Package: kvsetkeys 2019/12/15 v1.18 Key value parser (HO)
))
("C:\Program Files\MiKTeX 2.9\tex/latex/pdftexcmds\pdftexcmds.sty"
Package: pdftexcmds 2019/11/24 v0.31 Utility functions of pdfTeX for LuaTeX (HO
)

("C:\Program Files\MiKTeX 2.9\tex/generic/iftex\iftex.sty"
Package: iftex 2020/03/06 v1.0d TeX engine tests
)
Package pdftexcmds Info: \pdf@primitive is available.
Package pdftexcmds Info: \pdf@ifprimitive is available.
Package pdftexcmds Info: \pdfdraftmode found.
)
Package epstopdf-base Info: Redefining graphics rule for `.eps' on input line 4
38.
Package grfext Info: Graphics extension search list:
(grfext)             [.pdf,.png,.jpg,.mps,.jpeg,.jbig2,.jb2,.PDF,.PNG,.JPG,.JPE
G,.JBIG2,.JB2,.eps]
(grfext)             \AppendGraphicsExtensions on input line 456.
)
("C:\Program Files\MiKTeX 2.9\tex/latex/translator\translator-basic-dictionary-
English.dict"
Dictionary: translator-basic-dictionary, Language: English 
)
("C:\Program Files\MiKTeX 2.9\tex/latex/siunitx\siunitx-abbreviations.cfg"
File: siunitx-abbreviations.cfg 2017/11/26 v2.7k siunitx: Abbreviated units
)
ABD: EveryShipout initializing macros

Package todonotes Warning: The length marginparwidth is less than 2cm and will 
most likely cause issues with the appearance of inserted todonotes. The issue c
an be solved by adding a line like \setlength {\marginparwidth }{2cm} prior to 
loading the todonotes package. on input line 132.

LaTeX Font Info:    Trying to load font information for U+msa on input line 132
.
("C:\Program Files\MiKTeX 2.9\tex/latex/amsfonts\umsa.fd"
File: umsa.fd 2013/01/14 v3.01 AMS symbols A
)
LaTeX Font Info:    Trying to load font information for U+msb on input line 132
.

("C:\Program Files\MiKTeX 2.9\tex/latex/amsfonts\umsb.fd"
File: umsb.fd 2013/01/14 v3.01 AMS symbols B
)
Underfull \hbox (badness 10000) in paragraph at lines 155--158
\OT1/ptm/b/n/10 Keywords: Fault di-ag-no-sis; large-scale sys-tems;
 []

[1{C:/Users/Ondrej Straka/AppData/Local/MiKTeX/2.9/pdftex/config/pdftex.map}


]
[2] [3] [4]
Underfull \hbox (badness 10000) in paragraph at lines 550--552
\OT1/ptm/m/n/10 is ob-tained by com-bin-ing the prob-a-bil-i-ties
 []


Underfull \hbox (badness 3503) in paragraph at lines 550--552
[]\OT1/cmr/m/n/10 ([][][]\OML/cmm/m/it/10 []; [][][][]\OMS/cmsy/m/n/10 j\OT1/
cmr/bx/n/10 I[]\OT1/cmr/m/n/10 )$ \OT1/ptm/m/n/10 re-ceived from $[][][]\OT1/cm
r/m/n/10 $ \OT1/ptm/m/n/10 and the PDFs
 []


Underfull \hbox (badness 2635) in paragraph at lines 563--573
\OT1/ptm/b/n/10 Communication with lo-cal nodes: \OT1/ptm/m/n/10 The $[][][]\OM
L/cmm/m/it/10 M$ \OT1/ptm/m/n/10 PDFs
 []


Underfull \hbox (badness 6220) in paragraph at lines 563--573
\OT1/ptm/b/n/10 Fusion: \OT1/ptm/m/n/10 The es-ti-mates $\OML/cmm/m/it/10 p\OT1
/cmr/m/n/10 ([][][]\OT1/cmr/bx/n/10 x[]\OMS/cmsy/m/n/10 j [][][]\OT1/cmr/bx/n/1
0 I[]\OT1/cmr/m/n/10 )$ \OT1/ptm/m/n/10 are fused with
 []

[5]
Underfull \hbox (badness 10000) in paragraph at lines 580--585
\OT1/ptm/b/n/10 Measurement up-date: \OT1/ptm/m/n/10 Once the like-li-hoods
 []


Underfull \hbox (badness 2205) in paragraph at lines 592--594
\OT1/ptm/m/n/10 Due to the as-sump-tion of in-de-pen-dent mea-sure-ment
 []

[6]
LaTeX Font Info:    Trying to load font information for TS1+ptm on input line 6
91.
 ("C:\Program Files\MiKTeX 2.9\tex/latex/psnfss\ts1ptm.fd"
File: ts1ptm.fd 2001/06/04 font definitions for TS1/ptm.
) (article.bbl
[7])

** Conference Paper **
Before submitting the final camera ready copy, remember to:

 1. Manually equalize the lengths of two columns on the last page
 of your paper;

 2. Ensure that any PostScript and/or PDF output post-processing
 uses only Type 1 fonts and that every step in the generation
 process uses the appropriate paper size.

[8

] (article.aux) ) 
Here is how much of TeX's memory you used:
 21747 strings out of 480898
 458225 string characters out of 2908342
 720220 words of memory out of 3000000
 37194 multiletter control sequences out of 15000+200000
 581477 words of font info for 126 fonts, out of 3000000 for 9000
 1141 hyphenation exceptions out of 8191
 68i,26n,82p,917b,1037s stack positions out of 5000i,500n,10000p,200000b,50000s
{C:/Program Files/MiKTeX 2.9/fonts/enc/dvips/base/8r.enc}<C:/P
rogram Files/MiKTeX 2.9/fonts/type1/public/amsfonts/cm/cmbx10.pfb><C:/Program F
iles/MiKTeX 2.9/fonts/type1/public/amsfonts/cm/cmbx6.pfb><C:/Program Files/MiKT
eX 2.9/fonts/type1/public/amsfonts/cm/cmbx7.pfb><C:/Program Files/MiKTeX 2.9/fo
nts/type1/public/amsfonts/cm/cmbx8.pfb><C:/Program Files/MiKTeX 2.9/fonts/type1
/public/amsfonts/cm/cmex10.pfb><C:/Program Files/MiKTeX 2.9/fonts/type1/public/
amsfonts/cm/cmmi10.pfb><C:/Program Files/MiKTeX 2.9/fonts/type1/public/amsfonts
/cm/cmmi5.pfb><C:/Program Files/MiKTeX 2.9/fonts/type1/public/amsfonts/cm/cmmi6
.pfb><C:/Program Files/MiKTeX 2.9/fonts/type1/public/amsfonts/cm/cmmi7.pfb><C:/
Program Files/MiKTeX 2.9/fonts/type1/public/amsfonts/cm/cmmi8.pfb><C:/Program F
iles/MiKTeX 2.9/fonts/type1/public/amsfonts/cm/cmmib10.pfb><C:/Program Files/Mi
KTeX 2.9/fonts/type1/public/amsfonts/cmextra/cmmib7.pfb><C:/Program Files/MiKTe
X 2.9/fonts/type1/public/amsfonts/cmextra/cmmib8.pfb><C:/Program Files/MiKTeX 2
.9/fonts/type1/public/amsfonts/cm/cmr10.pfb><C:/Program Files/MiKTeX 2.9/fonts/
type1/public/amsfonts/cm/cmr5.pfb><C:/Program Files/MiKTeX 2.9/fonts/type1/publ
ic/amsfonts/cm/cmr6.pfb><C:/Program Files/MiKTeX 2.9/fonts/type1/public/amsfont
s/cm/cmr7.pfb><C:/Program Files/MiKTeX 2.9/fonts/type1/public/amsfonts/cm/cmr8.
pfb><C:/Program Files/MiKTeX 2.9/fonts/type1/public/amsfonts/cm/cmsy10.pfb><C:/
Program Files/MiKTeX 2.9/fonts/type1/public/amsfonts/cm/cmsy5.pfb><C:/Program F
iles/MiKTeX 2.9/fonts/type1/public/amsfonts/cm/cmsy7.pfb><C:/Program Files/MiKT
eX 2.9/fonts/type1/public/amsfonts/cm/cmsy8.pfb><C:/Program Files/MiKTeX 2.9/fo
nts/type1/public/amsfonts/symbols/msam10.pfb><C:/Program Files/MiKTeX 2.9/fonts
/type1/public/amsfonts/symbols/msbm10.pfb><C:/Program Files/MiKTeX 2.9/fonts/ty
pe1/urw/times/utmb8a.pfb><C:/Program Files/MiKTeX 2.9/fonts/type1/urw/times/utm
bi8a.pfb><C:/Program Files/MiKTeX 2.9/fonts/type1/urw/times/utmr8a.pfb><C:/Prog
ram Files/MiKTeX 2.9/fonts/type1/urw/times/utmri8a.pfb>
Output written on article.pdf (8 pages, 358241 bytes).
PDF statistics:
 217 PDF objects out of 1000 (max. 8388607)
 0 named destinations out of 1000 (max. 500000)
 253 words of extra memory for PDF output out of 10000 (max. 10000000)

